\BOOKMARK [1][-]{section.1}{Planteamiento del problema}{}% 1
\BOOKMARK [2][-]{subsection.1.1}{\277Cu\341l es el problema a resolver?}{section.1}% 2
\BOOKMARK [2][-]{subsection.1.2}{\277Porque se desea resolver esta problem\341tica?}{section.1}% 3
\BOOKMARK [1][-]{section.2}{Desarrollo \(RDIPEHA\)}{}% 4
\BOOKMARK [2][-]{subsection.2.1}{Reunir}{section.2}% 5
\BOOKMARK [2][-]{subsection.2.2}{Determinar}{section.2}% 6
\BOOKMARK [2][-]{subsection.2.3}{Identificar}{section.2}% 7
\BOOKMARK [2][-]{subsection.2.4}{Proponer}{section.2}% 8
\BOOKMARK [2][-]{subsection.2.5}{Encontrar}{section.2}% 9
\BOOKMARK [2][-]{subsection.2.6}{Hallar}{section.2}% 10
\BOOKMARK [2][-]{subsection.2.7}{Analizar}{section.2}% 11
\BOOKMARK [1][-]{section.3}{Plantiamientos}{}% 12
\BOOKMARK [1][-]{section.4}{\277A d\363nde queremos ir?}{}% 13
\BOOKMARK [1][-]{section.5}{Objetivos}{}% 14
\BOOKMARK [1][-]{section.6}{Justificaci\363n}{}% 15
\BOOKMARK [1][-]{section.7}{Delimitaci\363n}{}% 16
\BOOKMARK [1][-]{section.8}{Matriz De Roles}{}% 17
\BOOKMARK [1][-]{section.9}{Diagrama GANTT}{}% 18
\BOOKMARK [1][-]{section.10}{Matriz De Costos y Materiales}{}% 19
\BOOKMARK [1][-]{section.11}{Aportacion de cada materia cursada en el cuatrimestre al proyecto}{}% 20
\BOOKMARK [1][-]{section.12}{Desarrollo}{}% 21
